00:06:41.327 [main] INFO  api.test.DDTTestCase - ---------------Fetching data from Excel-----------------
00:06:41.335 [main] INFO  api.test.DDTTestCase - ---------------Creating a new user-----------------
00:06:42.585 [main] INFO  api.test.DDTTestCase - ---------------New User Created-----------------
00:06:42.587 [main] INFO  api.test.DDTTestCase - ---------------Fetching data from Excel-----------------
00:06:42.588 [main] INFO  api.test.DDTTestCase - ---------------Creating a new user-----------------
00:06:43.775 [main] INFO  api.test.DDTTestCase - ---------------New User Created-----------------
00:06:43.777 [main] INFO  api.test.DDTTestCase - ---------------Fetching data from Excel-----------------
00:06:43.777 [main] INFO  api.test.DDTTestCase - ---------------Creating a new user-----------------
00:06:44.965 [main] INFO  api.test.DDTTestCase - ---------------New User Created-----------------
00:06:44.967 [main] INFO  api.test.DDTTestCase - ---------------Fetching data from Excel-----------------
00:06:44.968 [main] INFO  api.test.DDTTestCase - ---------------Creating a new user-----------------
00:06:46.156 [main] INFO  api.test.DDTTestCase - ---------------New User Created-----------------
00:06:46.158 [main] INFO  api.test.DDTTestCase - ---------------Fetching data from Excel-----------------
00:06:46.159 [main] INFO  api.test.DDTTestCase - ---------------Creating a new user-----------------
00:06:47.360 [main] INFO  api.test.DDTTestCase - ---------------New User Created-----------------
00:06:47.362 [main] INFO  api.test.DDTTestCase - ---------------Fetching data from Excel-----------------
00:06:47.363 [main] INFO  api.test.DDTTestCase - ---------------Creating a new user-----------------
00:06:48.549 [main] INFO  api.test.DDTTestCase - ---------------New User Created-----------------
00:06:48.551 [main] INFO  api.test.DDTTestCase - ---------------Fetching data from Excel-----------------
00:06:48.551 [main] INFO  api.test.DDTTestCase - ---------------Creating a new user-----------------
00:06:49.762 [main] INFO  api.test.DDTTestCase - ---------------New User Created-----------------
00:06:49.764 [main] INFO  api.test.DDTTestCase - ---------------Fetching data from Excel-----------------
00:06:49.764 [main] INFO  api.test.DDTTestCase - ---------------Creating a new user-----------------
00:06:50.973 [main] INFO  api.test.DDTTestCase - ---------------New User Created-----------------
00:06:50.974 [main] INFO  api.test.DDTTestCase - ---------------Fetching data from Excel-----------------
00:06:50.974 [main] INFO  api.test.DDTTestCase - ---------------Creating a new user-----------------
00:06:52.188 [main] INFO  api.test.DDTTestCase - ---------------New User Created-----------------
00:06:52.191 [main] INFO  api.test.DDTTestCase - ---------------Fetching data from Excel-----------------
00:06:52.191 [main] INFO  api.test.DDTTestCase - ---------------Creating a new user-----------------
00:06:53.393 [main] INFO  api.test.DDTTestCase - ---------------New User Created-----------------
00:06:53.395 [main] INFO  api.test.DDTTestCase - ---------------Fetching data from Excel-----------------
00:06:53.395 [main] INFO  api.test.DDTTestCase - ---------------Creating a new user-----------------
00:06:54.590 [main] INFO  api.test.DDTTestCase - ---------------New User Created-----------------
00:06:54.804 [main] INFO  api.test.DDTTestCase - ---------------Reading a new user-----------------
00:06:56.017 [main] INFO  api.test.DDTTestCase - ---------------Reading a new user-----------------
00:06:57.231 [main] INFO  api.test.DDTTestCase - ---------------Reading a new user-----------------
00:06:58.401 [main] INFO  api.test.DDTTestCase - ---------------Reading a new user-----------------
00:06:59.641 [main] INFO  api.test.DDTTestCase - ---------------Reading a new user-----------------
00:07:00.830 [main] INFO  api.test.DDTTestCase - ---------------Reading a new user-----------------
00:07:02.071 [main] INFO  api.test.DDTTestCase - ---------------Reading a new user-----------------
00:07:03.289 [main] INFO  api.test.DDTTestCase - ---------------Reading a new user-----------------
00:07:04.556 [main] INFO  api.test.DDTTestCase - ---------------Reading a new user-----------------
00:07:05.765 [main] INFO  api.test.DDTTestCase - ---------------Reading a new user-----------------
00:07:07.006 [main] INFO  api.test.DDTTestCase - ---------------Reading a new user-----------------
00:07:08.227 [main] INFO  api.test.DDTTestCase - ---------------Reading a new user-----------------
00:07:09.417 [main] INFO  api.test.DDTTestCase - ---------------Reading a new user-----------------
00:07:10.628 [main] INFO  api.test.DDTTestCase - ---------------Reading a new user-----------------
00:07:11.836 [main] INFO  api.test.DDTTestCase - ---------------Reading a new user-----------------
00:07:13.035 [main] INFO  api.test.DDTTestCase - ---------------Reading a new user-----------------
00:07:14.295 [main] INFO  api.test.DDTTestCase - ---------------Reading a new user-----------------
00:07:15.509 [main] INFO  api.test.DDTTestCase - ---------------Reading a new user-----------------
00:07:16.709 [main] INFO  api.test.DDTTestCase - ---------------Reading a new user-----------------
00:07:17.954 [main] INFO  api.test.DDTTestCase - ---------------Reading a new user-----------------
00:07:19.356 [main] INFO  api.test.DDTTestCase - ---------------Deleting a user-----------------
00:07:20.546 [main] INFO  api.test.DDTTestCase - ---------------User Deleted -----------------
00:07:20.547 [main] INFO  api.test.DDTTestCase - ---------------Deleting a user-----------------
00:07:21.716 [main] INFO  api.test.DDTTestCase - ---------------User Deleted -----------------
00:07:21.717 [main] INFO  api.test.DDTTestCase - ---------------Deleting a user-----------------
00:07:22.907 [main] INFO  api.test.DDTTestCase - ---------------User Deleted -----------------
00:07:22.908 [main] INFO  api.test.DDTTestCase - ---------------Deleting a user-----------------
00:07:24.152 [main] INFO  api.test.DDTTestCase - ---------------User Deleted -----------------
00:07:24.154 [main] INFO  api.test.DDTTestCase - ---------------Deleting a user-----------------
00:07:25.344 [main] INFO  api.test.DDTTestCase - ---------------User Deleted -----------------
00:07:25.346 [main] INFO  api.test.DDTTestCase - ---------------Deleting a user-----------------
00:07:26.597 [main] INFO  api.test.DDTTestCase - ---------------User Deleted -----------------
00:07:26.598 [main] INFO  api.test.DDTTestCase - ---------------Deleting a user-----------------
00:07:27.828 [main] INFO  api.test.DDTTestCase - ---------------User Deleted -----------------
00:07:27.829 [main] INFO  api.test.DDTTestCase - ---------------Deleting a user-----------------
00:07:29.082 [main] INFO  api.test.DDTTestCase - ---------------User Deleted -----------------
00:07:29.084 [main] INFO  api.test.DDTTestCase - ---------------Deleting a user-----------------
00:07:30.277 [main] INFO  api.test.DDTTestCase - ---------------User Deleted -----------------
00:07:30.279 [main] INFO  api.test.DDTTestCase - ---------------Deleting a user-----------------
00:07:31.509 [main] INFO  api.test.DDTTestCase - ---------------User Deleted -----------------
00:07:31.511 [main] INFO  api.test.DDTTestCase - ---------------Deleting a user-----------------
00:07:32.747 [main] INFO  api.test.DDTTestCase - ---------------User Deleted -----------------
00:07:32.749 [main] INFO  api.test.DDTTestCase - ---------------Deleting a user-----------------
00:07:33.950 [main] INFO  api.test.DDTTestCase - ---------------User Deleted -----------------
00:07:33.951 [main] INFO  api.test.DDTTestCase - ---------------Deleting a user-----------------
00:07:35.150 [main] INFO  api.test.DDTTestCase - ---------------User Deleted -----------------
00:07:35.151 [main] INFO  api.test.DDTTestCase - ---------------Deleting a user-----------------
00:07:36.354 [main] INFO  api.test.DDTTestCase - ---------------User Deleted -----------------
00:07:36.355 [main] INFO  api.test.DDTTestCase - ---------------Deleting a user-----------------
00:07:37.553 [main] INFO  api.test.DDTTestCase - ---------------User Deleted -----------------
00:07:37.554 [main] INFO  api.test.DDTTestCase - ---------------Deleting a user-----------------
00:07:38.732 [main] INFO  api.test.DDTTestCase - ---------------User Deleted -----------------
00:07:38.734 [main] INFO  api.test.DDTTestCase - ---------------Deleting a user-----------------
00:07:39.927 [main] INFO  api.test.DDTTestCase - ---------------User Deleted -----------------
00:07:39.928 [main] INFO  api.test.DDTTestCase - ---------------Deleting a user-----------------
00:07:41.170 [main] INFO  api.test.DDTTestCase - ---------------User Deleted -----------------
00:07:41.170 [main] INFO  api.test.DDTTestCase - ---------------Deleting a user-----------------
00:07:42.331 [main] INFO  api.test.DDTTestCase - ---------------User Deleted -----------------
00:07:42.332 [main] INFO  api.test.DDTTestCase - ---------------Deleting a user-----------------
00:07:43.549 [main] INFO  api.test.DDTTestCase - ---------------User Deleted -----------------
00:10:15.449 [main] INFO  api.test.DDTTestCase - ---------------Running DDT Test Case-----------------
00:10:17.975 [main] INFO  api.test.DDTTestCase - ---------------Fetching data from Excel-----------------
00:10:17.975 [main] INFO  api.test.DDTTestCase - ---------------Creating a new user-----------------
00:10:20.411 [main] INFO  api.test.DDTTestCase - ---------------New User Created-----------------
00:10:20.419 [main] INFO  api.test.DDTTestCase - ---------------Fetching data from Excel-----------------
00:10:20.419 [main] INFO  api.test.DDTTestCase - ---------------Creating a new user-----------------
00:10:21.589 [main] INFO  api.test.DDTTestCase - ---------------New User Created-----------------
00:10:21.591 [main] INFO  api.test.DDTTestCase - ---------------Fetching data from Excel-----------------
00:10:21.591 [main] INFO  api.test.DDTTestCase - ---------------Creating a new user-----------------
00:10:22.808 [main] INFO  api.test.DDTTestCase - ---------------New User Created-----------------
00:10:22.809 [main] INFO  api.test.DDTTestCase - ---------------Fetching data from Excel-----------------
00:10:22.809 [main] INFO  api.test.DDTTestCase - ---------------Creating a new user-----------------
00:10:24.126 [main] INFO  api.test.DDTTestCase - ---------------New User Created-----------------
00:10:24.128 [main] INFO  api.test.DDTTestCase - ---------------Fetching data from Excel-----------------
00:10:24.129 [main] INFO  api.test.DDTTestCase - ---------------Creating a new user-----------------
00:10:25.313 [main] INFO  api.test.DDTTestCase - ---------------New User Created-----------------
00:10:25.315 [main] INFO  api.test.DDTTestCase - ---------------Fetching data from Excel-----------------
00:10:25.315 [main] INFO  api.test.DDTTestCase - ---------------Creating a new user-----------------
00:10:26.509 [main] INFO  api.test.DDTTestCase - ---------------New User Created-----------------
00:10:26.512 [main] INFO  api.test.DDTTestCase - ---------------Fetching data from Excel-----------------
00:10:26.512 [main] INFO  api.test.DDTTestCase - ---------------Creating a new user-----------------
00:10:27.731 [main] INFO  api.test.DDTTestCase - ---------------New User Created-----------------
00:10:27.733 [main] INFO  api.test.DDTTestCase - ---------------Fetching data from Excel-----------------
00:10:27.733 [main] INFO  api.test.DDTTestCase - ---------------Creating a new user-----------------
00:10:28.951 [main] INFO  api.test.DDTTestCase - ---------------New User Created-----------------
00:10:28.954 [main] INFO  api.test.DDTTestCase - ---------------Fetching data from Excel-----------------
00:10:28.954 [main] INFO  api.test.DDTTestCase - ---------------Creating a new user-----------------
00:10:30.177 [main] INFO  api.test.DDTTestCase - ---------------New User Created-----------------
00:10:30.180 [main] INFO  api.test.DDTTestCase - ---------------Fetching data from Excel-----------------
00:10:30.180 [main] INFO  api.test.DDTTestCase - ---------------Creating a new user-----------------
00:10:31.379 [main] INFO  api.test.DDTTestCase - ---------------New User Created-----------------
00:10:31.381 [main] INFO  api.test.DDTTestCase - ---------------Fetching data from Excel-----------------
00:10:31.381 [main] INFO  api.test.DDTTestCase - ---------------Creating a new user-----------------
00:10:32.576 [main] INFO  api.test.DDTTestCase - ---------------New User Created-----------------
00:10:32.577 [main] INFO  api.test.DDTTestCase - ---------------Fetching data from Excel-----------------
00:10:32.578 [main] INFO  api.test.DDTTestCase - ---------------Creating a new user-----------------
00:10:33.806 [main] INFO  api.test.DDTTestCase - ---------------New User Created-----------------
00:10:33.808 [main] INFO  api.test.DDTTestCase - ---------------Fetching data from Excel-----------------
00:10:33.808 [main] INFO  api.test.DDTTestCase - ---------------Creating a new user-----------------
00:10:35.001 [main] INFO  api.test.DDTTestCase - ---------------New User Created-----------------
00:10:35.003 [main] INFO  api.test.DDTTestCase - ---------------Fetching data from Excel-----------------
00:10:35.003 [main] INFO  api.test.DDTTestCase - ---------------Creating a new user-----------------
00:10:36.186 [main] INFO  api.test.DDTTestCase - ---------------New User Created-----------------
00:10:36.189 [main] INFO  api.test.DDTTestCase - ---------------Fetching data from Excel-----------------
00:10:36.189 [main] INFO  api.test.DDTTestCase - ---------------Creating a new user-----------------
00:10:37.414 [main] INFO  api.test.DDTTestCase - ---------------New User Created-----------------
00:10:37.416 [main] INFO  api.test.DDTTestCase - ---------------Fetching data from Excel-----------------
00:10:37.417 [main] INFO  api.test.DDTTestCase - ---------------Creating a new user-----------------
00:10:38.593 [main] INFO  api.test.DDTTestCase - ---------------New User Created-----------------
00:10:38.595 [main] INFO  api.test.DDTTestCase - ---------------Fetching data from Excel-----------------
00:10:38.595 [main] INFO  api.test.DDTTestCase - ---------------Creating a new user-----------------
00:10:39.821 [main] INFO  api.test.DDTTestCase - ---------------New User Created-----------------
00:10:39.822 [main] INFO  api.test.DDTTestCase - ---------------Fetching data from Excel-----------------
00:10:39.823 [main] INFO  api.test.DDTTestCase - ---------------Creating a new user-----------------
00:10:41.057 [main] INFO  api.test.DDTTestCase - ---------------New User Created-----------------
00:10:41.058 [main] INFO  api.test.DDTTestCase - ---------------Fetching data from Excel-----------------
00:10:41.059 [main] INFO  api.test.DDTTestCase - ---------------Creating a new user-----------------
00:10:42.320 [main] INFO  api.test.DDTTestCase - ---------------New User Created-----------------
00:10:42.322 [main] INFO  api.test.DDTTestCase - ---------------Fetching data from Excel-----------------
00:10:42.322 [main] INFO  api.test.DDTTestCase - ---------------Creating a new user-----------------
00:10:43.562 [main] INFO  api.test.DDTTestCase - ---------------New User Created-----------------
00:10:43.838 [main] INFO  api.test.DDTTestCase - ---------------Reading a new user-----------------
00:10:45.050 [main] INFO  api.test.DDTTestCase - ---------------Reading a new user-----------------
00:10:46.286 [main] INFO  api.test.DDTTestCase - ---------------Reading a new user-----------------
00:10:47.452 [main] INFO  api.test.DDTTestCase - ---------------Reading a new user-----------------
00:10:48.691 [main] INFO  api.test.DDTTestCase - ---------------Reading a new user-----------------
00:10:49.968 [main] INFO  api.test.DDTTestCase - ---------------Reading a new user-----------------
00:10:51.158 [main] INFO  api.test.DDTTestCase - ---------------Reading a new user-----------------
00:10:52.344 [main] INFO  api.test.DDTTestCase - ---------------Reading a new user-----------------
00:10:53.559 [main] INFO  api.test.DDTTestCase - ---------------Reading a new user-----------------
00:10:54.801 [main] INFO  api.test.DDTTestCase - ---------------Reading a new user-----------------
00:10:55.973 [main] INFO  api.test.DDTTestCase - ---------------Reading a new user-----------------
00:10:57.173 [main] INFO  api.test.DDTTestCase - ---------------Reading a new user-----------------
00:10:58.495 [main] INFO  api.test.DDTTestCase - ---------------Reading a new user-----------------
00:10:59.718 [main] INFO  api.test.DDTTestCase - ---------------Reading a new user-----------------
00:11:00.915 [main] INFO  api.test.DDTTestCase - ---------------Reading a new user-----------------
00:11:02.127 [main] INFO  api.test.DDTTestCase - ---------------Reading a new user-----------------
00:11:03.345 [main] INFO  api.test.DDTTestCase - ---------------Reading a new user-----------------
00:11:04.591 [main] INFO  api.test.DDTTestCase - ---------------Reading a new user-----------------
00:11:05.799 [main] INFO  api.test.DDTTestCase - ---------------Reading a new user-----------------
00:11:07.019 [main] INFO  api.test.DDTTestCase - ---------------Reading a new user-----------------
00:11:08.411 [main] INFO  api.test.DDTTestCase - ---------------Deleting a user-----------------
00:11:09.600 [main] INFO  api.test.DDTTestCase - ---------------User Deleted -----------------
00:11:09.602 [main] INFO  api.test.DDTTestCase - ---------------Deleting a user-----------------
00:11:10.876 [main] INFO  api.test.DDTTestCase - ---------------User Deleted -----------------
00:11:10.877 [main] INFO  api.test.DDTTestCase - ---------------Deleting a user-----------------
00:11:12.103 [main] INFO  api.test.DDTTestCase - ---------------User Deleted -----------------
00:11:12.104 [main] INFO  api.test.DDTTestCase - ---------------Deleting a user-----------------
00:11:13.324 [main] INFO  api.test.DDTTestCase - ---------------User Deleted -----------------
00:11:13.326 [main] INFO  api.test.DDTTestCase - ---------------Deleting a user-----------------
00:11:14.543 [main] INFO  api.test.DDTTestCase - ---------------User Deleted -----------------
00:11:14.545 [main] INFO  api.test.DDTTestCase - ---------------Deleting a user-----------------
00:11:15.733 [main] INFO  api.test.DDTTestCase - ---------------User Deleted -----------------
00:11:15.734 [main] INFO  api.test.DDTTestCase - ---------------Deleting a user-----------------
00:11:16.928 [main] INFO  api.test.DDTTestCase - ---------------User Deleted -----------------
00:11:16.929 [main] INFO  api.test.DDTTestCase - ---------------Deleting a user-----------------
00:11:18.153 [main] INFO  api.test.DDTTestCase - ---------------User Deleted -----------------
00:11:18.155 [main] INFO  api.test.DDTTestCase - ---------------Deleting a user-----------------
00:11:19.364 [main] INFO  api.test.DDTTestCase - ---------------User Deleted -----------------
00:11:19.365 [main] INFO  api.test.DDTTestCase - ---------------Deleting a user-----------------
00:11:20.550 [main] INFO  api.test.DDTTestCase - ---------------User Deleted -----------------
00:11:20.552 [main] INFO  api.test.DDTTestCase - ---------------Deleting a user-----------------
00:11:21.793 [main] INFO  api.test.DDTTestCase - ---------------User Deleted -----------------
00:11:21.794 [main] INFO  api.test.DDTTestCase - ---------------Deleting a user-----------------
00:11:22.994 [main] INFO  api.test.DDTTestCase - ---------------User Deleted -----------------
00:11:22.996 [main] INFO  api.test.DDTTestCase - ---------------Deleting a user-----------------
00:11:24.209 [main] INFO  api.test.DDTTestCase - ---------------User Deleted -----------------
00:11:24.210 [main] INFO  api.test.DDTTestCase - ---------------Deleting a user-----------------
00:11:25.445 [main] INFO  api.test.DDTTestCase - ---------------User Deleted -----------------
00:11:25.447 [main] INFO  api.test.DDTTestCase - ---------------Deleting a user-----------------
00:11:26.654 [main] INFO  api.test.DDTTestCase - ---------------User Deleted -----------------
00:11:26.656 [main] INFO  api.test.DDTTestCase - ---------------Deleting a user-----------------
00:11:27.889 [main] INFO  api.test.DDTTestCase - ---------------User Deleted -----------------
00:11:27.890 [main] INFO  api.test.DDTTestCase - ---------------Deleting a user-----------------
00:11:29.131 [main] INFO  api.test.DDTTestCase - ---------------User Deleted -----------------
00:11:29.132 [main] INFO  api.test.DDTTestCase - ---------------Deleting a user-----------------
00:11:30.316 [main] INFO  api.test.DDTTestCase - ---------------User Deleted -----------------
00:11:30.317 [main] INFO  api.test.DDTTestCase - ---------------Deleting a user-----------------
00:11:31.552 [main] INFO  api.test.DDTTestCase - ---------------User Deleted -----------------
00:11:31.552 [main] INFO  api.test.DDTTestCase - ---------------Deleting a user-----------------
00:11:32.764 [main] INFO  api.test.DDTTestCase - ---------------User Deleted -----------------
