23:45:05.291 [main] INFO  api.test.DDTTestCase - ---------------Creating a new user-----------------
23:45:06.498 [main] INFO  api.test.DDTTestCase - ---------------New User Created-----------------
23:45:06.499 [main] INFO  api.test.DDTTestCase - ---------------Fetching data from Excel-----------------
23:45:06.499 [main] INFO  api.test.DDTTestCase - ---------------Creating a new user-----------------
23:45:07.730 [main] INFO  api.test.DDTTestCase - ---------------New User Created-----------------
23:45:07.731 [main] INFO  api.test.DDTTestCase - ---------------Fetching data from Excel-----------------
23:45:07.731 [main] INFO  api.test.DDTTestCase - ---------------Creating a new user-----------------
23:45:08.942 [main] INFO  api.test.DDTTestCase - ---------------New User Created-----------------
23:45:08.944 [main] INFO  api.test.DDTTestCase - ---------------Fetching data from Excel-----------------
23:45:08.944 [main] INFO  api.test.DDTTestCase - ---------------Creating a new user-----------------
23:45:10.158 [main] INFO  api.test.DDTTestCase - ---------------New User Created-----------------
23:45:10.159 [main] INFO  api.test.DDTTestCase - ---------------Fetching data from Excel-----------------
23:45:10.159 [main] INFO  api.test.DDTTestCase - ---------------Creating a new user-----------------
23:45:11.419 [main] INFO  api.test.DDTTestCase - ---------------New User Created-----------------
23:45:11.420 [main] INFO  api.test.DDTTestCase - ---------------Fetching data from Excel-----------------
23:45:11.421 [main] INFO  api.test.DDTTestCase - ---------------Creating a new user-----------------
23:45:12.640 [main] INFO  api.test.DDTTestCase - ---------------New User Created-----------------
23:45:12.641 [main] INFO  api.test.DDTTestCase - ---------------Fetching data from Excel-----------------
23:45:12.641 [main] INFO  api.test.DDTTestCase - ---------------Creating a new user-----------------
23:45:13.826 [main] INFO  api.test.DDTTestCase - ---------------New User Created-----------------
23:45:13.827 [main] INFO  api.test.DDTTestCase - ---------------Fetching data from Excel-----------------
23:45:13.828 [main] INFO  api.test.DDTTestCase - ---------------Creating a new user-----------------
23:45:15.051 [main] INFO  api.test.DDTTestCase - ---------------New User Created-----------------
23:45:15.052 [main] INFO  api.test.DDTTestCase - ---------------Fetching data from Excel-----------------
23:45:15.052 [main] INFO  api.test.DDTTestCase - ---------------Creating a new user-----------------
23:45:16.257 [main] INFO  api.test.DDTTestCase - ---------------New User Created-----------------
23:45:16.258 [main] INFO  api.test.DDTTestCase - ---------------Fetching data from Excel-----------------
23:45:16.258 [main] INFO  api.test.DDTTestCase - ---------------Creating a new user-----------------
23:45:17.478 [main] INFO  api.test.DDTTestCase - ---------------New User Created-----------------
23:45:17.480 [main] INFO  api.test.DDTTestCase - ---------------Fetching data from Excel-----------------
23:45:17.480 [main] INFO  api.test.DDTTestCase - ---------------Creating a new user-----------------
23:45:18.650 [main] INFO  api.test.DDTTestCase - ---------------New User Created-----------------
23:45:18.651 [main] INFO  api.test.DDTTestCase - ---------------Fetching data from Excel-----------------
23:45:18.651 [main] INFO  api.test.DDTTestCase - ---------------Creating a new user-----------------
23:45:19.883 [main] INFO  api.test.DDTTestCase - ---------------New User Created-----------------
23:45:19.884 [main] INFO  api.test.DDTTestCase - ---------------Fetching data from Excel-----------------
23:45:19.884 [main] INFO  api.test.DDTTestCase - ---------------Creating a new user-----------------
23:45:21.055 [main] INFO  api.test.DDTTestCase - ---------------New User Created-----------------
23:45:21.055 [main] INFO  api.test.DDTTestCase - ---------------Fetching data from Excel-----------------
23:45:21.055 [main] INFO  api.test.DDTTestCase - ---------------Creating a new user-----------------
23:45:22.240 [main] INFO  api.test.DDTTestCase - ---------------New User Created-----------------
23:45:22.241 [main] INFO  api.test.DDTTestCase - ---------------Fetching data from Excel-----------------
23:45:22.241 [main] INFO  api.test.DDTTestCase - ---------------Creating a new user-----------------
23:45:23.465 [main] INFO  api.test.DDTTestCase - ---------------New User Created-----------------
23:45:23.466 [main] INFO  api.test.DDTTestCase - ---------------Fetching data from Excel-----------------
23:45:23.466 [main] INFO  api.test.DDTTestCase - ---------------Creating a new user-----------------
23:45:24.702 [main] INFO  api.test.DDTTestCase - ---------------New User Created-----------------
23:45:24.949 [main] INFO  api.test.DDTTestCase - ---------------Reading a new user-----------------
23:45:26.166 [main] INFO  api.test.DDTTestCase - ---------------Reading a new user-----------------
23:45:27.389 [main] INFO  api.test.DDTTestCase - ---------------Reading a new user-----------------
23:45:28.650 [main] INFO  api.test.DDTTestCase - ---------------Reading a new user-----------------
23:45:29.877 [main] INFO  api.test.DDTTestCase - ---------------Reading a new user-----------------
23:45:31.132 [main] INFO  api.test.DDTTestCase - ---------------Reading a new user-----------------
23:45:32.413 [main] INFO  api.test.DDTTestCase - ---------------Reading a new user-----------------
23:45:33.631 [main] INFO  api.test.DDTTestCase - ---------------Reading a new user-----------------
23:45:34.815 [main] INFO  api.test.DDTTestCase - ---------------Reading a new user-----------------
23:45:36.010 [main] INFO  api.test.DDTTestCase - ---------------Reading a new user-----------------
23:45:37.200 [main] INFO  api.test.DDTTestCase - ---------------Reading a new user-----------------
23:45:38.438 [main] INFO  api.test.DDTTestCase - ---------------Reading a new user-----------------
23:45:39.632 [main] INFO  api.test.DDTTestCase - ---------------Reading a new user-----------------
23:45:40.806 [main] INFO  api.test.DDTTestCase - ---------------Reading a new user-----------------
23:45:41.988 [main] INFO  api.test.DDTTestCase - ---------------Reading a new user-----------------
23:45:43.276 [main] INFO  api.test.DDTTestCase - ---------------Reading a new user-----------------
23:45:44.527 [main] INFO  api.test.DDTTestCase - ---------------Reading a new user-----------------
23:45:45.725 [main] INFO  api.test.DDTTestCase - ---------------Reading a new user-----------------
23:45:46.939 [main] INFO  api.test.DDTTestCase - ---------------Reading a new user-----------------
23:45:48.126 [main] INFO  api.test.DDTTestCase - ---------------Reading a new user-----------------
23:45:49.513 [main] INFO  api.test.DDTTestCase - ---------------Deleting a user-----------------
23:45:50.722 [main] INFO  api.test.DDTTestCase - ---------------User Deleted -----------------
23:45:50.724 [main] INFO  api.test.DDTTestCase - ---------------Deleting a user-----------------
23:45:51.933 [main] INFO  api.test.DDTTestCase - ---------------User Deleted -----------------
23:45:51.934 [main] INFO  api.test.DDTTestCase - ---------------Deleting a user-----------------
23:45:53.143 [main] INFO  api.test.DDTTestCase - ---------------User Deleted -----------------
23:45:53.145 [main] INFO  api.test.DDTTestCase - ---------------Deleting a user-----------------
23:45:54.336 [main] INFO  api.test.DDTTestCase - ---------------User Deleted -----------------
23:45:54.337 [main] INFO  api.test.DDTTestCase - ---------------Deleting a user-----------------
23:45:55.540 [main] INFO  api.test.DDTTestCase - ---------------User Deleted -----------------
23:45:55.541 [main] INFO  api.test.DDTTestCase - ---------------Deleting a user-----------------
23:45:56.770 [main] INFO  api.test.DDTTestCase - ---------------User Deleted -----------------
23:45:56.771 [main] INFO  api.test.DDTTestCase - ---------------Deleting a user-----------------
23:45:57.944 [main] INFO  api.test.DDTTestCase - ---------------User Deleted -----------------
23:45:57.945 [main] INFO  api.test.DDTTestCase - ---------------Deleting a user-----------------
23:45:59.124 [main] INFO  api.test.DDTTestCase - ---------------User Deleted -----------------
23:45:59.126 [main] INFO  api.test.DDTTestCase - ---------------Deleting a user-----------------
23:46:00.337 [main] INFO  api.test.DDTTestCase - ---------------User Deleted -----------------
23:46:00.338 [main] INFO  api.test.DDTTestCase - ---------------Deleting a user-----------------
23:46:01.522 [main] INFO  api.test.DDTTestCase - ---------------User Deleted -----------------
23:46:01.523 [main] INFO  api.test.DDTTestCase - ---------------Deleting a user-----------------
23:46:02.750 [main] INFO  api.test.DDTTestCase - ---------------User Deleted -----------------
23:46:02.751 [main] INFO  api.test.DDTTestCase - ---------------Deleting a user-----------------
23:46:03.953 [main] INFO  api.test.DDTTestCase - ---------------User Deleted -----------------
23:46:03.954 [main] INFO  api.test.DDTTestCase - ---------------Deleting a user-----------------
23:46:05.166 [main] INFO  api.test.DDTTestCase - ---------------User Deleted -----------------
23:46:05.168 [main] INFO  api.test.DDTTestCase - ---------------Deleting a user-----------------
23:46:06.357 [main] INFO  api.test.DDTTestCase - ---------------User Deleted -----------------
23:46:06.359 [main] INFO  api.test.DDTTestCase - ---------------Deleting a user-----------------
23:46:07.568 [main] INFO  api.test.DDTTestCase - ---------------User Deleted -----------------
23:46:07.569 [main] INFO  api.test.DDTTestCase - ---------------Deleting a user-----------------
23:46:08.763 [main] INFO  api.test.DDTTestCase - ---------------User Deleted -----------------
23:46:08.765 [main] INFO  api.test.DDTTestCase - ---------------Deleting a user-----------------
23:46:09.980 [main] INFO  api.test.DDTTestCase - ---------------User Deleted -----------------
23:46:09.982 [main] INFO  api.test.DDTTestCase - ---------------Deleting a user-----------------
23:46:11.249 [main] INFO  api.test.DDTTestCase - ---------------User Deleted -----------------
23:46:11.251 [main] INFO  api.test.DDTTestCase - ---------------Deleting a user-----------------
23:46:12.465 [main] INFO  api.test.DDTTestCase - ---------------User Deleted -----------------
23:46:12.467 [main] INFO  api.test.DDTTestCase - ---------------Deleting a user-----------------
23:46:13.678 [main] INFO  api.test.DDTTestCase - ---------------User Deleted -----------------
23:47:02.977 [main] INFO  api.test.DDTTestCase - ---------------Running DDT Test Case-----------------
23:47:05.619 [main] INFO  api.test.DDTTestCase - ---------------Fetching data from Excel-----------------
23:47:05.619 [main] INFO  api.test.DDTTestCase - ---------------Creating a new user-----------------
23:47:08.175 [main] INFO  api.test.DDTTestCase - ---------------New User Created-----------------
23:47:08.184 [main] INFO  api.test.DDTTestCase - ---------------Fetching data from Excel-----------------
23:47:08.184 [main] INFO  api.test.DDTTestCase - ---------------Creating a new user-----------------
23:47:09.387 [main] INFO  api.test.DDTTestCase - ---------------New User Created-----------------
23:47:09.390 [main] INFO  api.test.DDTTestCase - ---------------Fetching data from Excel-----------------
23:47:09.390 [main] INFO  api.test.DDTTestCase - ---------------Creating a new user-----------------
23:47:10.608 [main] INFO  api.test.DDTTestCase - ---------------New User Created-----------------
23:47:10.611 [main] INFO  api.test.DDTTestCase - ---------------Fetching data from Excel-----------------
23:47:10.611 [main] INFO  api.test.DDTTestCase - ---------------Creating a new user-----------------
23:47:11.800 [main] INFO  api.test.DDTTestCase - ---------------New User Created-----------------
23:47:11.803 [main] INFO  api.test.DDTTestCase - ---------------Fetching data from Excel-----------------
23:47:11.803 [main] INFO  api.test.DDTTestCase - ---------------Creating a new user-----------------
23:47:13.017 [main] INFO  api.test.DDTTestCase - ---------------New User Created-----------------
23:47:13.019 [main] INFO  api.test.DDTTestCase - ---------------Fetching data from Excel-----------------
23:47:13.020 [main] INFO  api.test.DDTTestCase - ---------------Creating a new user-----------------
23:47:14.256 [main] INFO  api.test.DDTTestCase - ---------------New User Created-----------------
23:47:14.258 [main] INFO  api.test.DDTTestCase - ---------------Fetching data from Excel-----------------
23:47:14.258 [main] INFO  api.test.DDTTestCase - ---------------Creating a new user-----------------
23:47:15.451 [main] INFO  api.test.DDTTestCase - ---------------New User Created-----------------
23:47:15.452 [main] INFO  api.test.DDTTestCase - ---------------Fetching data from Excel-----------------
23:47:15.452 [main] INFO  api.test.DDTTestCase - ---------------Creating a new user-----------------
23:47:16.732 [main] INFO  api.test.DDTTestCase - ---------------New User Created-----------------
23:47:16.734 [main] INFO  api.test.DDTTestCase - ---------------Fetching data from Excel-----------------
23:47:16.735 [main] INFO  api.test.DDTTestCase - ---------------Creating a new user-----------------
23:47:17.914 [main] INFO  api.test.DDTTestCase - ---------------New User Created-----------------
23:47:17.915 [main] INFO  api.test.DDTTestCase - ---------------Fetching data from Excel-----------------
23:47:17.915 [main] INFO  api.test.DDTTestCase - ---------------Creating a new user-----------------
23:47:19.125 [main] INFO  api.test.DDTTestCase - ---------------New User Created-----------------
23:47:19.126 [main] INFO  api.test.DDTTestCase - ---------------Fetching data from Excel-----------------
23:47:19.126 [main] INFO  api.test.DDTTestCase - ---------------Creating a new user-----------------
23:47:20.317 [main] INFO  api.test.DDTTestCase - ---------------New User Created-----------------
23:47:20.319 [main] INFO  api.test.DDTTestCase - ---------------Fetching data from Excel-----------------
23:47:20.320 [main] INFO  api.test.DDTTestCase - ---------------Creating a new user-----------------
23:47:21.525 [main] INFO  api.test.DDTTestCase - ---------------New User Created-----------------
23:47:21.527 [main] INFO  api.test.DDTTestCase - ---------------Fetching data from Excel-----------------
23:47:21.527 [main] INFO  api.test.DDTTestCase - ---------------Creating a new user-----------------
23:47:22.774 [main] INFO  api.test.DDTTestCase - ---------------New User Created-----------------
23:47:22.776 [main] INFO  api.test.DDTTestCase - ---------------Fetching data from Excel-----------------
23:47:22.776 [main] INFO  api.test.DDTTestCase - ---------------Creating a new user-----------------
23:47:23.964 [main] INFO  api.test.DDTTestCase - ---------------New User Created-----------------
23:47:23.966 [main] INFO  api.test.DDTTestCase - ---------------Fetching data from Excel-----------------
23:47:23.967 [main] INFO  api.test.DDTTestCase - ---------------Creating a new user-----------------
23:47:25.150 [main] INFO  api.test.DDTTestCase - ---------------New User Created-----------------
23:47:25.152 [main] INFO  api.test.DDTTestCase - ---------------Fetching data from Excel-----------------
23:47:25.153 [main] INFO  api.test.DDTTestCase - ---------------Creating a new user-----------------
23:47:26.346 [main] INFO  api.test.DDTTestCase - ---------------New User Created-----------------
23:47:26.348 [main] INFO  api.test.DDTTestCase - ---------------Fetching data from Excel-----------------
23:47:26.348 [main] INFO  api.test.DDTTestCase - ---------------Creating a new user-----------------
23:47:27.549 [main] INFO  api.test.DDTTestCase - ---------------New User Created-----------------
23:47:27.551 [main] INFO  api.test.DDTTestCase - ---------------Fetching data from Excel-----------------
23:47:27.551 [main] INFO  api.test.DDTTestCase - ---------------Creating a new user-----------------
23:47:28.766 [main] INFO  api.test.DDTTestCase - ---------------New User Created-----------------
23:47:28.767 [main] INFO  api.test.DDTTestCase - ---------------Fetching data from Excel-----------------
23:47:28.768 [main] INFO  api.test.DDTTestCase - ---------------Creating a new user-----------------
23:47:29.983 [main] INFO  api.test.DDTTestCase - ---------------New User Created-----------------
23:47:29.985 [main] INFO  api.test.DDTTestCase - ---------------Fetching data from Excel-----------------
23:47:29.985 [main] INFO  api.test.DDTTestCase - ---------------Creating a new user-----------------
23:47:31.228 [main] INFO  api.test.DDTTestCase - ---------------New User Created-----------------
23:47:31.439 [main] INFO  api.test.DDTTestCase - ---------------Reading a new user-----------------
23:47:32.695 [main] INFO  api.test.DDTTestCase - ---------------Reading a new user-----------------
23:47:33.877 [main] INFO  api.test.DDTTestCase - ---------------Reading a new user-----------------
23:47:35.127 [main] INFO  api.test.DDTTestCase - ---------------Reading a new user-----------------
23:47:36.319 [main] INFO  api.test.DDTTestCase - ---------------Reading a new user-----------------
23:47:37.507 [main] INFO  api.test.DDTTestCase - ---------------Reading a new user-----------------
23:47:38.741 [main] INFO  api.test.DDTTestCase - ---------------Reading a new user-----------------
23:47:39.961 [main] INFO  api.test.DDTTestCase - ---------------Reading a new user-----------------
23:47:41.187 [main] INFO  api.test.DDTTestCase - ---------------Reading a new user-----------------
23:47:42.378 [main] INFO  api.test.DDTTestCase - ---------------Reading a new user-----------------
23:47:43.598 [main] INFO  api.test.DDTTestCase - ---------------Reading a new user-----------------
23:47:44.820 [main] INFO  api.test.DDTTestCase - ---------------Reading a new user-----------------
23:47:45.990 [main] INFO  api.test.DDTTestCase - ---------------Reading a new user-----------------
23:47:47.179 [main] INFO  api.test.DDTTestCase - ---------------Reading a new user-----------------
23:47:48.398 [main] INFO  api.test.DDTTestCase - ---------------Reading a new user-----------------
23:47:49.618 [main] INFO  api.test.DDTTestCase - ---------------Reading a new user-----------------
23:47:50.837 [main] INFO  api.test.DDTTestCase - ---------------Reading a new user-----------------
23:47:52.025 [main] INFO  api.test.DDTTestCase - ---------------Reading a new user-----------------
23:47:53.252 [main] INFO  api.test.DDTTestCase - ---------------Reading a new user-----------------
23:47:54.420 [main] INFO  api.test.DDTTestCase - ---------------Reading a new user-----------------
23:47:55.837 [main] INFO  api.test.DDTTestCase - ---------------Deleting a user-----------------
23:47:57.052 [main] INFO  api.test.DDTTestCase - ---------------User Deleted -----------------
23:47:57.054 [main] INFO  api.test.DDTTestCase - ---------------Deleting a user-----------------
23:47:58.307 [main] INFO  api.test.DDTTestCase - ---------------User Deleted -----------------
23:47:58.308 [main] INFO  api.test.DDTTestCase - ---------------Deleting a user-----------------
23:47:59.524 [main] INFO  api.test.DDTTestCase - ---------------User Deleted -----------------
23:47:59.526 [main] INFO  api.test.DDTTestCase - ---------------Deleting a user-----------------
23:48:00.688 [main] INFO  api.test.DDTTestCase - ---------------User Deleted -----------------
23:48:00.690 [main] INFO  api.test.DDTTestCase - ---------------Deleting a user-----------------
23:48:01.873 [main] INFO  api.test.DDTTestCase - ---------------User Deleted -----------------
23:48:01.875 [main] INFO  api.test.DDTTestCase - ---------------Deleting a user-----------------
23:48:03.111 [main] INFO  api.test.DDTTestCase - ---------------User Deleted -----------------
23:48:03.112 [main] INFO  api.test.DDTTestCase - ---------------Deleting a user-----------------
23:48:04.316 [main] INFO  api.test.DDTTestCase - ---------------User Deleted -----------------
23:48:04.317 [main] INFO  api.test.DDTTestCase - ---------------Deleting a user-----------------
23:48:05.531 [main] INFO  api.test.DDTTestCase - ---------------User Deleted -----------------
23:48:05.533 [main] INFO  api.test.DDTTestCase - ---------------Deleting a user-----------------
23:48:06.728 [main] INFO  api.test.DDTTestCase - ---------------User Deleted -----------------
23:48:06.729 [main] INFO  api.test.DDTTestCase - ---------------Deleting a user-----------------
23:48:07.903 [main] INFO  api.test.DDTTestCase - ---------------User Deleted -----------------
23:48:07.905 [main] INFO  api.test.DDTTestCase - ---------------Deleting a user-----------------
23:48:09.123 [main] INFO  api.test.DDTTestCase - ---------------User Deleted -----------------
23:48:09.124 [main] INFO  api.test.DDTTestCase - ---------------Deleting a user-----------------
23:48:10.351 [main] INFO  api.test.DDTTestCase - ---------------User Deleted -----------------
23:48:10.353 [main] INFO  api.test.DDTTestCase - ---------------Deleting a user-----------------
23:48:11.549 [main] INFO  api.test.DDTTestCase - ---------------User Deleted -----------------
23:48:11.551 [main] INFO  api.test.DDTTestCase - ---------------Deleting a user-----------------
23:48:12.731 [main] INFO  api.test.DDTTestCase - ---------------User Deleted -----------------
23:48:12.733 [main] INFO  api.test.DDTTestCase - ---------------Deleting a user-----------------
23:48:13.983 [main] INFO  api.test.DDTTestCase - ---------------User Deleted -----------------
23:48:13.984 [main] INFO  api.test.DDTTestCase - ---------------Deleting a user-----------------
23:48:15.183 [main] INFO  api.test.DDTTestCase - ---------------User Deleted -----------------
23:48:15.184 [main] INFO  api.test.DDTTestCase - ---------------Deleting a user-----------------
23:48:16.376 [main] INFO  api.test.DDTTestCase - ---------------User Deleted -----------------
23:48:16.378 [main] INFO  api.test.DDTTestCase - ---------------Deleting a user-----------------
23:48:17.571 [main] INFO  api.test.DDTTestCase - ---------------User Deleted -----------------
23:48:17.571 [main] INFO  api.test.DDTTestCase - ---------------Deleting a user-----------------
23:48:18.779 [main] INFO  api.test.DDTTestCase - ---------------User Deleted -----------------
23:48:18.781 [main] INFO  api.test.DDTTestCase - ---------------Deleting a user-----------------
23:48:19.940 [main] INFO  api.test.DDTTestCase - ---------------User Deleted -----------------
23:58:09.345 [main] INFO  api.test.DDTTestCase - ---------------Running DDT Test Case-----------------
23:58:14.663 [main] INFO  api.test.DDTTestCase - ---------------Fetching data from Excel-----------------
23:58:14.663 [main] INFO  api.test.DDTTestCase - ---------------Creating a new user-----------------
23:58:18.137 [main] INFO  api.test.DDTTestCase - ---------------New User Created-----------------
23:58:18.150 [main] INFO  api.test.DDTTestCase - ---------------Fetching data from Excel-----------------
23:58:18.150 [main] INFO  api.test.DDTTestCase - ---------------Creating a new user-----------------
23:58:19.343 [main] INFO  api.test.DDTTestCase - ---------------New User Created-----------------
23:58:19.344 [main] INFO  api.test.DDTTestCase - ---------------Fetching data from Excel-----------------
23:58:19.344 [main] INFO  api.test.DDTTestCase - ---------------Creating a new user-----------------
23:58:20.554 [main] INFO  api.test.DDTTestCase - ---------------New User Created-----------------
23:58:20.556 [main] INFO  api.test.DDTTestCase - ---------------Fetching data from Excel-----------------
23:58:20.556 [main] INFO  api.test.DDTTestCase - ---------------Creating a new user-----------------
23:58:21.747 [main] INFO  api.test.DDTTestCase - ---------------New User Created-----------------
23:58:21.749 [main] INFO  api.test.DDTTestCase - ---------------Fetching data from Excel-----------------
23:58:21.749 [main] INFO  api.test.DDTTestCase - ---------------Creating a new user-----------------
23:58:22.973 [main] INFO  api.test.DDTTestCase - ---------------New User Created-----------------
23:58:22.974 [main] INFO  api.test.DDTTestCase - ---------------Fetching data from Excel-----------------
23:58:22.974 [main] INFO  api.test.DDTTestCase - ---------------Creating a new user-----------------
23:58:24.167 [main] INFO  api.test.DDTTestCase - ---------------New User Created-----------------
23:58:24.168 [main] INFO  api.test.DDTTestCase - ---------------Fetching data from Excel-----------------
23:58:24.169 [main] INFO  api.test.DDTTestCase - ---------------Creating a new user-----------------
23:58:25.424 [main] INFO  api.test.DDTTestCase - ---------------New User Created-----------------
23:58:25.426 [main] INFO  api.test.DDTTestCase - ---------------Fetching data from Excel-----------------
23:58:25.426 [main] INFO  api.test.DDTTestCase - ---------------Creating a new user-----------------
23:58:26.647 [main] INFO  api.test.DDTTestCase - ---------------New User Created-----------------
23:58:26.650 [main] INFO  api.test.DDTTestCase - ---------------Fetching data from Excel-----------------
23:58:26.651 [main] INFO  api.test.DDTTestCase - ---------------Creating a new user-----------------
23:58:27.845 [main] INFO  api.test.DDTTestCase - ---------------New User Created-----------------
23:58:27.847 [main] INFO  api.test.DDTTestCase - ---------------Fetching data from Excel-----------------
23:58:27.847 [main] INFO  api.test.DDTTestCase - ---------------Creating a new user-----------------
23:58:29.206 [main] INFO  api.test.DDTTestCase - ---------------New User Created-----------------
23:58:29.207 [main] INFO  api.test.DDTTestCase - ---------------Fetching data from Excel-----------------
23:58:29.207 [main] INFO  api.test.DDTTestCase - ---------------Creating a new user-----------------
23:58:30.425 [main] INFO  api.test.DDTTestCase - ---------------New User Created-----------------
23:58:30.426 [main] INFO  api.test.DDTTestCase - ---------------Fetching data from Excel-----------------
23:58:30.426 [main] INFO  api.test.DDTTestCase - ---------------Creating a new user-----------------
23:58:31.643 [main] INFO  api.test.DDTTestCase - ---------------New User Created-----------------
23:58:31.644 [main] INFO  api.test.DDTTestCase - ---------------Fetching data from Excel-----------------
23:58:31.644 [main] INFO  api.test.DDTTestCase - ---------------Creating a new user-----------------
23:58:32.843 [main] INFO  api.test.DDTTestCase - ---------------New User Created-----------------
23:58:32.845 [main] INFO  api.test.DDTTestCase - ---------------Fetching data from Excel-----------------
23:58:32.845 [main] INFO  api.test.DDTTestCase - ---------------Creating a new user-----------------
23:58:34.013 [main] INFO  api.test.DDTTestCase - ---------------New User Created-----------------
23:58:34.014 [main] INFO  api.test.DDTTestCase - ---------------Fetching data from Excel-----------------
23:58:34.014 [main] INFO  api.test.DDTTestCase - ---------------Creating a new user-----------------
23:58:35.222 [main] INFO  api.test.DDTTestCase - ---------------New User Created-----------------
23:58:35.224 [main] INFO  api.test.DDTTestCase - ---------------Fetching data from Excel-----------------
23:58:35.224 [main] INFO  api.test.DDTTestCase - ---------------Creating a new user-----------------
23:58:36.425 [main] INFO  api.test.DDTTestCase - ---------------New User Created-----------------
23:58:36.426 [main] INFO  api.test.DDTTestCase - ---------------Fetching data from Excel-----------------
23:58:36.426 [main] INFO  api.test.DDTTestCase - ---------------Creating a new user-----------------
23:58:37.609 [main] INFO  api.test.DDTTestCase - ---------------New User Created-----------------
23:58:37.610 [main] INFO  api.test.DDTTestCase - ---------------Fetching data from Excel-----------------
23:58:37.610 [main] INFO  api.test.DDTTestCase - ---------------Creating a new user-----------------
23:58:38.800 [main] INFO  api.test.DDTTestCase - ---------------New User Created-----------------
23:58:38.801 [main] INFO  api.test.DDTTestCase - ---------------Fetching data from Excel-----------------
23:58:38.802 [main] INFO  api.test.DDTTestCase - ---------------Creating a new user-----------------
23:58:39.984 [main] INFO  api.test.DDTTestCase - ---------------New User Created-----------------
23:58:39.986 [main] INFO  api.test.DDTTestCase - ---------------Fetching data from Excel-----------------
23:58:39.986 [main] INFO  api.test.DDTTestCase - ---------------Creating a new user-----------------
23:58:41.202 [main] INFO  api.test.DDTTestCase - ---------------New User Created-----------------
23:58:41.604 [main] INFO  api.test.DDTTestCase - ---------------Reading a new user-----------------
23:58:42.841 [main] INFO  api.test.DDTTestCase - ---------------Reading a new user-----------------
23:58:44.052 [main] INFO  api.test.DDTTestCase - ---------------Reading a new user-----------------
23:58:45.309 [main] INFO  api.test.DDTTestCase - ---------------Reading a new user-----------------
23:58:46.588 [main] INFO  api.test.DDTTestCase - ---------------Reading a new user-----------------
23:58:47.866 [main] INFO  api.test.DDTTestCase - ---------------Reading a new user-----------------
23:58:49.091 [main] INFO  api.test.DDTTestCase - ---------------Reading a new user-----------------
23:58:50.292 [main] INFO  api.test.DDTTestCase - ---------------Reading a new user-----------------
23:58:51.581 [main] INFO  api.test.DDTTestCase - ---------------Reading a new user-----------------
23:58:52.788 [main] INFO  api.test.DDTTestCase - ---------------Reading a new user-----------------
23:58:54.022 [main] INFO  api.test.DDTTestCase - ---------------Reading a new user-----------------
23:58:55.212 [main] INFO  api.test.DDTTestCase - ---------------Reading a new user-----------------
23:58:56.412 [main] INFO  api.test.DDTTestCase - ---------------Reading a new user-----------------
23:58:57.638 [main] INFO  api.test.DDTTestCase - ---------------Reading a new user-----------------
23:58:58.893 [main] INFO  api.test.DDTTestCase - ---------------Reading a new user-----------------
23:59:00.097 [main] INFO  api.test.DDTTestCase - ---------------Reading a new user-----------------
23:59:01.257 [main] INFO  api.test.DDTTestCase - ---------------Reading a new user-----------------
23:59:02.461 [main] INFO  api.test.DDTTestCase - ---------------Reading a new user-----------------
23:59:03.690 [main] INFO  api.test.DDTTestCase - ---------------Reading a new user-----------------
23:59:04.926 [main] INFO  api.test.DDTTestCase - ---------------Reading a new user-----------------
23:59:06.686 [main] INFO  api.test.DDTTestCase - ---------------Deleting a user-----------------
23:59:07.887 [main] INFO  api.test.DDTTestCase - ---------------User Deleted -----------------
23:59:07.888 [main] INFO  api.test.DDTTestCase - ---------------Deleting a user-----------------
23:59:09.054 [main] INFO  api.test.DDTTestCase - ---------------User Deleted -----------------
23:59:09.054 [main] INFO  api.test.DDTTestCase - ---------------Deleting a user-----------------
23:59:10.306 [main] INFO  api.test.DDTTestCase - ---------------User Deleted -----------------
23:59:10.307 [main] INFO  api.test.DDTTestCase - ---------------Deleting a user-----------------
23:59:11.508 [main] INFO  api.test.DDTTestCase - ---------------User Deleted -----------------
23:59:11.509 [main] INFO  api.test.DDTTestCase - ---------------Deleting a user-----------------
23:59:12.734 [main] INFO  api.test.DDTTestCase - ---------------User Deleted -----------------
23:59:12.736 [main] INFO  api.test.DDTTestCase - ---------------Deleting a user-----------------
23:59:13.988 [main] INFO  api.test.DDTTestCase - ---------------User Deleted -----------------
23:59:13.989 [main] INFO  api.test.DDTTestCase - ---------------Deleting a user-----------------
23:59:15.177 [main] INFO  api.test.DDTTestCase - ---------------User Deleted -----------------
23:59:15.179 [main] INFO  api.test.DDTTestCase - ---------------Deleting a user-----------------
23:59:16.426 [main] INFO  api.test.DDTTestCase - ---------------User Deleted -----------------
23:59:16.428 [main] INFO  api.test.DDTTestCase - ---------------Deleting a user-----------------
23:59:17.604 [main] INFO  api.test.DDTTestCase - ---------------User Deleted -----------------
23:59:17.606 [main] INFO  api.test.DDTTestCase - ---------------Deleting a user-----------------
23:59:19.259 [main] INFO  api.test.DDTTestCase - ---------------User Deleted -----------------
23:59:19.260 [main] INFO  api.test.DDTTestCase - ---------------Deleting a user-----------------
23:59:20.471 [main] INFO  api.test.DDTTestCase - ---------------User Deleted -----------------
23:59:20.472 [main] INFO  api.test.DDTTestCase - ---------------Deleting a user-----------------
23:59:21.693 [main] INFO  api.test.DDTTestCase - ---------------User Deleted -----------------
23:59:21.694 [main] INFO  api.test.DDTTestCase - ---------------Deleting a user-----------------
23:59:22.871 [main] INFO  api.test.DDTTestCase - ---------------User Deleted -----------------
23:59:22.873 [main] INFO  api.test.DDTTestCase - ---------------Deleting a user-----------------
23:59:24.063 [main] INFO  api.test.DDTTestCase - ---------------User Deleted -----------------
23:59:24.063 [main] INFO  api.test.DDTTestCase - ---------------Deleting a user-----------------
23:59:25.324 [main] INFO  api.test.DDTTestCase - ---------------User Deleted -----------------
23:59:25.324 [main] INFO  api.test.DDTTestCase - ---------------Deleting a user-----------------
23:59:26.511 [main] INFO  api.test.DDTTestCase - ---------------User Deleted -----------------
23:59:26.513 [main] INFO  api.test.DDTTestCase - ---------------Deleting a user-----------------
23:59:27.704 [main] INFO  api.test.DDTTestCase - ---------------User Deleted -----------------
23:59:27.705 [main] INFO  api.test.DDTTestCase - ---------------Deleting a user-----------------
23:59:28.894 [main] INFO  api.test.DDTTestCase - ---------------User Deleted -----------------
23:59:28.895 [main] INFO  api.test.DDTTestCase - ---------------Deleting a user-----------------
23:59:30.085 [main] INFO  api.test.DDTTestCase - ---------------User Deleted -----------------
23:59:30.087 [main] INFO  api.test.DDTTestCase - ---------------Deleting a user-----------------
23:59:31.315 [main] INFO  api.test.DDTTestCase - ---------------User Deleted -----------------
00:01:55.739 [main] INFO  api.test.DDTTestCase - ---------------Running DDT Test Case-----------------
00:01:58.375 [main] INFO  api.test.DDTTestCase - ---------------Fetching data from Excel-----------------
00:01:58.375 [main] INFO  api.test.DDTTestCase - ---------------Creating a new user-----------------
00:02:00.881 [main] INFO  api.test.DDTTestCase - ---------------New User Created-----------------
00:02:00.888 [main] INFO  api.test.DDTTestCase - ---------------Fetching data from Excel-----------------
00:02:00.888 [main] INFO  api.test.DDTTestCase - ---------------Creating a new user-----------------
00:02:02.134 [main] INFO  api.test.DDTTestCase - ---------------New User Created-----------------
00:02:02.137 [main] INFO  api.test.DDTTestCase - ---------------Fetching data from Excel-----------------
00:02:02.137 [main] INFO  api.test.DDTTestCase - ---------------Creating a new user-----------------
00:02:03.350 [main] INFO  api.test.DDTTestCase - ---------------New User Created-----------------
00:02:03.352 [main] INFO  api.test.DDTTestCase - ---------------Fetching data from Excel-----------------
00:02:03.352 [main] INFO  api.test.DDTTestCase - ---------------Creating a new user-----------------
00:02:04.544 [main] INFO  api.test.DDTTestCase - ---------------New User Created-----------------
00:02:04.546 [main] INFO  api.test.DDTTestCase - ---------------Fetching data from Excel-----------------
00:02:04.547 [main] INFO  api.test.DDTTestCase - ---------------Creating a new user-----------------
00:02:05.830 [main] INFO  api.test.DDTTestCase - ---------------New User Created-----------------
00:02:05.832 [main] INFO  api.test.DDTTestCase - ---------------Fetching data from Excel-----------------
00:02:05.832 [main] INFO  api.test.DDTTestCase - ---------------Creating a new user-----------------
00:02:07.054 [main] INFO  api.test.DDTTestCase - ---------------New User Created-----------------
00:02:07.056 [main] INFO  api.test.DDTTestCase - ---------------Fetching data from Excel-----------------
00:02:07.057 [main] INFO  api.test.DDTTestCase - ---------------Creating a new user-----------------
00:02:08.278 [main] INFO  api.test.DDTTestCase - ---------------New User Created-----------------
00:02:08.280 [main] INFO  api.test.DDTTestCase - ---------------Fetching data from Excel-----------------
00:02:08.280 [main] INFO  api.test.DDTTestCase - ---------------Creating a new user-----------------
00:02:09.452 [main] INFO  api.test.DDTTestCase - ---------------New User Created-----------------
00:02:09.454 [main] INFO  api.test.DDTTestCase - ---------------Fetching data from Excel-----------------
00:02:09.455 [main] INFO  api.test.DDTTestCase - ---------------Creating a new user-----------------
00:02:10.677 [main] INFO  api.test.DDTTestCase - ---------------New User Created-----------------
00:02:10.679 [main] INFO  api.test.DDTTestCase - ---------------Fetching data from Excel-----------------
00:02:10.680 [main] INFO  api.test.DDTTestCase - ---------------Creating a new user-----------------
00:02:11.898 [main] INFO  api.test.DDTTestCase - ---------------New User Created-----------------
00:02:11.900 [main] INFO  api.test.DDTTestCase - ---------------Fetching data from Excel-----------------
00:02:11.901 [main] INFO  api.test.DDTTestCase - ---------------Creating a new user-----------------
00:02:13.138 [main] INFO  api.test.DDTTestCase - ---------------New User Created-----------------
00:02:13.139 [main] INFO  api.test.DDTTestCase - ---------------Fetching data from Excel-----------------
00:02:13.140 [main] INFO  api.test.DDTTestCase - ---------------Creating a new user-----------------
00:02:14.326 [main] INFO  api.test.DDTTestCase - ---------------New User Created-----------------
00:02:14.328 [main] INFO  api.test.DDTTestCase - ---------------Fetching data from Excel-----------------
00:02:14.328 [main] INFO  api.test.DDTTestCase - ---------------Creating a new user-----------------
00:02:15.531 [main] INFO  api.test.DDTTestCase - ---------------New User Created-----------------
00:02:15.534 [main] INFO  api.test.DDTTestCase - ---------------Fetching data from Excel-----------------
00:02:15.534 [main] INFO  api.test.DDTTestCase - ---------------Creating a new user-----------------
00:02:16.723 [main] INFO  api.test.DDTTestCase - ---------------New User Created-----------------
00:02:16.725 [main] INFO  api.test.DDTTestCase - ---------------Fetching data from Excel-----------------
00:02:16.725 [main] INFO  api.test.DDTTestCase - ---------------Creating a new user-----------------
00:02:17.923 [main] INFO  api.test.DDTTestCase - ---------------New User Created-----------------
00:02:17.924 [main] INFO  api.test.DDTTestCase - ---------------Fetching data from Excel-----------------
00:02:17.924 [main] INFO  api.test.DDTTestCase - ---------------Creating a new user-----------------
00:02:19.138 [main] INFO  api.test.DDTTestCase - ---------------New User Created-----------------
00:02:19.138 [main] INFO  api.test.DDTTestCase - ---------------Fetching data from Excel-----------------
00:02:19.139 [main] INFO  api.test.DDTTestCase - ---------------Creating a new user-----------------
00:02:20.322 [main] INFO  api.test.DDTTestCase - ---------------New User Created-----------------
00:02:20.324 [main] INFO  api.test.DDTTestCase - ---------------Fetching data from Excel-----------------
00:02:20.324 [main] INFO  api.test.DDTTestCase - ---------------Creating a new user-----------------
00:02:21.538 [main] INFO  api.test.DDTTestCase - ---------------New User Created-----------------
00:02:21.539 [main] INFO  api.test.DDTTestCase - ---------------Fetching data from Excel-----------------
00:02:21.540 [main] INFO  api.test.DDTTestCase - ---------------Creating a new user-----------------
00:02:22.779 [main] INFO  api.test.DDTTestCase - ---------------New User Created-----------------
00:02:22.781 [main] INFO  api.test.DDTTestCase - ---------------Fetching data from Excel-----------------
00:02:22.781 [main] INFO  api.test.DDTTestCase - ---------------Creating a new user-----------------
00:02:23.971 [main] INFO  api.test.DDTTestCase - ---------------New User Created-----------------
00:02:24.173 [main] INFO  api.test.DDTTestCase - ---------------Reading a new user-----------------
00:02:25.427 [main] INFO  api.test.DDTTestCase - ---------------Reading a new user-----------------
00:02:26.658 [main] INFO  api.test.DDTTestCase - ---------------Reading a new user-----------------
00:02:27.914 [main] INFO  api.test.DDTTestCase - ---------------Reading a new user-----------------
00:02:29.112 [main] INFO  api.test.DDTTestCase - ---------------Reading a new user-----------------
00:02:30.313 [main] INFO  api.test.DDTTestCase - ---------------Reading a new user-----------------
00:02:31.616 [main] INFO  api.test.DDTTestCase - ---------------Reading a new user-----------------
00:02:32.808 [main] INFO  api.test.DDTTestCase - ---------------Reading a new user-----------------
00:02:34.019 [main] INFO  api.test.DDTTestCase - ---------------Reading a new user-----------------
00:02:35.225 [main] INFO  api.test.DDTTestCase - ---------------Reading a new user-----------------
00:02:36.406 [main] INFO  api.test.DDTTestCase - ---------------Reading a new user-----------------
00:02:37.603 [main] INFO  api.test.DDTTestCase - ---------------Reading a new user-----------------
00:02:38.859 [main] INFO  api.test.DDTTestCase - ---------------Reading a new user-----------------
00:02:40.139 [main] INFO  api.test.DDTTestCase - ---------------Reading a new user-----------------
00:02:41.348 [main] INFO  api.test.DDTTestCase - ---------------Reading a new user-----------------
00:02:42.560 [main] INFO  api.test.DDTTestCase - ---------------Reading a new user-----------------
00:02:43.727 [main] INFO  api.test.DDTTestCase - ---------------Reading a new user-----------------
00:02:44.935 [main] INFO  api.test.DDTTestCase - ---------------Reading a new user-----------------
00:02:46.166 [main] INFO  api.test.DDTTestCase - ---------------Reading a new user-----------------
00:02:47.363 [main] INFO  api.test.DDTTestCase - ---------------Reading a new user-----------------
00:02:48.963 [main] INFO  api.test.DDTTestCase - ---------------Deleting a user-----------------
00:02:50.146 [main] INFO  api.test.DDTTestCase - ---------------User Deleted -----------------
00:02:50.146 [main] INFO  api.test.DDTTestCase - ---------------Deleting a user-----------------
00:02:51.337 [main] INFO  api.test.DDTTestCase - ---------------User Deleted -----------------
00:02:51.338 [main] INFO  api.test.DDTTestCase - ---------------Deleting a user-----------------
00:02:52.508 [main] INFO  api.test.DDTTestCase - ---------------User Deleted -----------------
00:02:52.510 [main] INFO  api.test.DDTTestCase - ---------------Deleting a user-----------------
00:02:53.762 [main] INFO  api.test.DDTTestCase - ---------------User Deleted -----------------
00:02:53.764 [main] INFO  api.test.DDTTestCase - ---------------Deleting a user-----------------
00:02:54.969 [main] INFO  api.test.DDTTestCase - ---------------User Deleted -----------------
00:02:54.970 [main] INFO  api.test.DDTTestCase - ---------------Deleting a user-----------------
00:02:56.158 [main] INFO  api.test.DDTTestCase - ---------------User Deleted -----------------
00:02:56.160 [main] INFO  api.test.DDTTestCase - ---------------Deleting a user-----------------
00:02:57.368 [main] INFO  api.test.DDTTestCase - ---------------User Deleted -----------------
00:02:57.369 [main] INFO  api.test.DDTTestCase - ---------------Deleting a user-----------------
00:02:58.563 [main] INFO  api.test.DDTTestCase - ---------------User Deleted -----------------
00:02:58.565 [main] INFO  api.test.DDTTestCase - ---------------Deleting a user-----------------
00:02:59.816 [main] INFO  api.test.DDTTestCase - ---------------User Deleted -----------------
00:02:59.818 [main] INFO  api.test.DDTTestCase - ---------------Deleting a user-----------------
00:03:01.067 [main] INFO  api.test.DDTTestCase - ---------------User Deleted -----------------
00:03:01.068 [main] INFO  api.test.DDTTestCase - ---------------Deleting a user-----------------
00:03:02.281 [main] INFO  api.test.DDTTestCase - ---------------User Deleted -----------------
00:03:02.282 [main] INFO  api.test.DDTTestCase - ---------------Deleting a user-----------------
00:03:03.471 [main] INFO  api.test.DDTTestCase - ---------------User Deleted -----------------
00:03:03.472 [main] INFO  api.test.DDTTestCase - ---------------Deleting a user-----------------
00:03:04.714 [main] INFO  api.test.DDTTestCase - ---------------User Deleted -----------------
00:03:04.717 [main] INFO  api.test.DDTTestCase - ---------------Deleting a user-----------------
00:03:06.010 [main] INFO  api.test.DDTTestCase - ---------------User Deleted -----------------
00:03:06.011 [main] INFO  api.test.DDTTestCase - ---------------Deleting a user-----------------
00:03:07.257 [main] INFO  api.test.DDTTestCase - ---------------User Deleted -----------------
00:03:07.259 [main] INFO  api.test.DDTTestCase - ---------------Deleting a user-----------------
00:03:08.508 [main] INFO  api.test.DDTTestCase - ---------------User Deleted -----------------
00:03:08.509 [main] INFO  api.test.DDTTestCase - ---------------Deleting a user-----------------
00:03:09.747 [main] INFO  api.test.DDTTestCase - ---------------User Deleted -----------------
00:03:09.748 [main] INFO  api.test.DDTTestCase - ---------------Deleting a user-----------------
00:03:10.937 [main] INFO  api.test.DDTTestCase - ---------------User Deleted -----------------
00:03:10.937 [main] INFO  api.test.DDTTestCase - ---------------Deleting a user-----------------
00:03:12.134 [main] INFO  api.test.DDTTestCase - ---------------User Deleted -----------------
00:03:12.135 [main] INFO  api.test.DDTTestCase - ---------------Deleting a user-----------------
00:03:13.322 [main] INFO  api.test.DDTTestCase - ---------------User Deleted -----------------
00:06:26.566 [main] INFO  api.test.DDTTestCase - ---------------Running DDT Test Case-----------------
00:06:29.208 [main] INFO  api.test.DDTTestCase - ---------------Fetching data from Excel-----------------
00:06:29.208 [main] INFO  api.test.DDTTestCase - ---------------Creating a new user-----------------
00:06:31.578 [main] INFO  api.test.DDTTestCase - ---------------New User Created-----------------
00:06:31.586 [main] INFO  api.test.DDTTestCase - ---------------Fetching data from Excel-----------------
00:06:31.586 [main] INFO  api.test.DDTTestCase - ---------------Creating a new user-----------------
00:06:32.835 [main] INFO  api.test.DDTTestCase - ---------------New User Created-----------------
00:06:32.838 [main] INFO  api.test.DDTTestCase - ---------------Fetching data from Excel-----------------
00:06:32.839 [main] INFO  api.test.DDTTestCase - ---------------Creating a new user-----------------
00:06:34.032 [main] INFO  api.test.DDTTestCase - ---------------New User Created-----------------
00:06:34.035 [main] INFO  api.test.DDTTestCase - ---------------Fetching data from Excel-----------------
00:06:34.035 [main] INFO  api.test.DDTTestCase - ---------------Creating a new user-----------------
00:06:35.230 [main] INFO  api.test.DDTTestCase - ---------------New User Created-----------------
00:06:35.232 [main] INFO  api.test.DDTTestCase - ---------------Fetching data from Excel-----------------
00:06:35.233 [main] INFO  api.test.DDTTestCase - ---------------Creating a new user-----------------
00:06:36.433 [main] INFO  api.test.DDTTestCase - ---------------New User Created-----------------
00:06:36.434 [main] INFO  api.test.DDTTestCase - ---------------Fetching data from Excel-----------------
00:06:36.435 [main] INFO  api.test.DDTTestCase - ---------------Creating a new user-----------------
00:06:37.677 [main] INFO  api.test.DDTTestCase - ---------------New User Created-----------------
00:06:37.680 [main] INFO  api.test.DDTTestCase - ---------------Fetching data from Excel-----------------
00:06:37.680 [main] INFO  api.test.DDTTestCase - ---------------Creating a new user-----------------
00:06:38.894 [main] INFO  api.test.DDTTestCase - ---------------New User Created-----------------
00:06:38.895 [main] INFO  api.test.DDTTestCase - ---------------Fetching data from Excel-----------------
00:06:38.895 [main] INFO  api.test.DDTTestCase - ---------------Creating a new user-----------------
00:06:40.073 [main] INFO  api.test.DDTTestCase - ---------------New User Created-----------------
00:06:40.075 [main] INFO  api.test.DDTTestCase - ---------------Fetching data from Excel-----------------
00:06:40.075 [main] INFO  api.test.DDTTestCase - ---------------Creating a new user-----------------
00:06:41.325 [main] INFO  api.test.DDTTestCase - ---------------New User Created-----------------
